# JRE version: OpenJDK Runtime Environment (21.0.4) (build 21.0.4+-12508038-b607.1)
# Java VM: OpenJDK 64-Bit Server VM (21.0.4+-12508038-b607.1, mixed mode, tiered, compressed oops, compressed class ptrs, g1 gc, windows-amd64)
GC Precious Log:
 CardTable entry size: 512
 Card Set container configuration: InlinePtr #cards 5 size 8 Array Of Cards #cards 12 size 40 Howl #buckets 4 coarsen threshold 1843 Howl Bitmap #cards 512 size 80 coarsen threshold 460 Card regions per heap region 1 cards per card region 2048
 CPUs: 12 total, 12 available
 Memory: 5996M
 Large Page Support: Disabled
 NUMA Support: Disabled
 Compressed Oops: Enabled (32-bit)
 Heap Region Size: 1M
 Heap Min Capacity: 8M
 Heap Initial Capacity: 94M
 Heap Max Capacity: 2G
 Pre-touch: Disabled
 Parallel Workers: 10
 Concurrent Workers: 3
 Concurrent Refinement Workers: 10
 Periodic GC: Disabled
Heap:
 garbage-first heap   total 265216K, used 224978K [0x0000000080000000, 0x0000000100000000)
  region size 1024K, 80 young (81920K), 4 survivors (4096K)
 Metaspace       used 150837K, committed 153152K, reserved 1245184K
  class space    used 20850K, committed 22016K, reserved 1048576K
GC Heap History (20 events):
Event: 79.524 GC heap before
{Heap before GC invocations=41 (full 0):
 garbage-first heap   total 201728K, used 184794K [0x0000000080000000, 0x0000000100000000)
  region size 1024K, 75 young (76800K), 11 survivors (11264K)
 Metaspace       used 117750K, committed 119872K, reserved 1179648K
  class space    used 15991K, committed 17088K, reserved 1048576K
}
Event: 79.543 GC heap after
{Heap after GC invocations=42 (full 0):
 garbage-first heap   total 210944K, used 123134K [0x0000000080000000, 0x0000000100000000)
  region size 1024K, 10 young (10240K), 10 survivors (10240K)
 Metaspace       used 117750K, committed 119872K, reserved 1179648K
  class space    used 15991K, committed 17088K, reserved 1048576K
}
Event: 80.708 GC heap before
{Heap before GC invocations=42 (full 0):
 garbage-first heap   total 210944K, used 181502K [0x0000000080000000, 0x0000000100000000)
  region size 1024K, 69 young (70656K), 10 survivors (10240K)
 Metaspace       used 118476K, committed 120640K, reserved 1179648K
  class space    used 16056K, committed 17152K, reserved 1048576K
}
Event: 80.728 GC heap after
{Heap after GC invocations=43 (full 0):
 garbage-first heap   total 212992K, used 142336K [0x0000000080000000, 0x0000000100000000)
  region size 1024K, 9 young (9216K), 9 survivors (9216K)
 Metaspace       used 118476K, committed 120640K, reserved 1179648K
  class space    used 16056K, committed 17152K, reserved 1048576K
}
Event: 81.405 GC heap before
{Heap before GC invocations=44 (full 0):
 garbage-first heap   total 263168K, used 200704K [0x0000000080000000, 0x0000000100000000)
  region size 1024K, 52 young (53248K), 9 survivors (9216K)
 Metaspace       used 121181K, committed 123328K, reserved 1179648K
  class space    used 16352K, committed 17408K, reserved 1048576K
}
Event: 81.416 GC heap after
{Heap after GC invocations=45 (full 0):
 garbage-first heap   total 263168K, used 147274K [0x0000000080000000, 0x0000000100000000)
  region size 1024K, 5 young (5120K), 5 survivors (5120K)
 Metaspace       used 121181K, committed 123328K, reserved 1179648K
  class space    used 16352K, committed 17408K, reserved 1048576K
}
Event: 82.937 GC heap before
{Heap before GC invocations=45 (full 0):
 garbage-first heap   total 263168K, used 218954K [0x0000000080000000, 0x0000000100000000)
  region size 1024K, 76 young (77824K), 5 survivors (5120K)
 Metaspace       used 121949K, committed 124160K, reserved 1179648K
  class space    used 16434K, committed 17536K, reserved 1048576K
}
Event: 82.947 GC heap after
{Heap after GC invocations=46 (full 0):
 garbage-first heap   total 263168K, used 149779K [0x0000000080000000, 0x0000000100000000)
  region size 1024K, 8 young (8192K), 8 survivors (8192K)
 Metaspace       used 121949K, committed 124160K, reserved 1179648K
  class space    used 16434K, committed 17536K, reserved 1048576K
}
Event: 88.595 GC heap before
{Heap before GC invocations=46 (full 0):
 garbage-first heap   total 263168K, used 223507K [0x0000000080000000, 0x0000000100000000)
  region size 1024K, 81 young (82944K), 8 survivors (8192K)
 Metaspace       used 122997K, committed 125120K, reserved 1179648K
  class space    used 16547K, committed 17600K, reserved 1048576K
}
Event: 88.609 GC heap after
{Heap after GC invocations=47 (full 0):
 garbage-first heap   total 263168K, used 157860K [0x0000000080000000, 0x0000000100000000)
  region size 1024K, 10 young (10240K), 10 survivors (10240K)
 Metaspace       used 122997K, committed 125120K, reserved 1179648K
  class space    used 16547K, committed 17600K, reserved 1048576K
}
Event: 89.288 GC heap before
{Heap before GC invocations=48 (full 0):
 garbage-first heap   total 265216K, used 227492K [0x0000000080000000, 0x0000000100000000)
  region size 1024K, 79 young (80896K), 10 survivors (10240K)
 Metaspace       used 124151K, committed 126336K, reserved 1179648K
  class space    used 16661K, committed 17728K, reserved 1048576K
}
Event: 89.297 GC heap after
{Heap after GC invocations=49 (full 0):
 garbage-first heap   total 265216K, used 158050K [0x0000000080000000, 0x0000000100000000)
  region size 1024K, 5 young (5120K), 5 survivors (5120K)
 Metaspace       used 124151K, committed 126336K, reserved 1179648K
  class space    used 16661K, committed 17728K, reserved 1048576K
}
Event: 92.869 GC heap before
{Heap before GC invocations=49 (full 0):
 garbage-first heap   total 265216K, used 233826K [0x0000000080000000, 0x0000000100000000)
  region size 1024K, 78 young (79872K), 5 survivors (5120K)
 Metaspace       used 128836K, committed 131072K, reserved 1179648K
  class space    used 17299K, committed 18432K, reserved 1048576K
}
Event: 92.879 GC heap after
{Heap after GC invocations=50 (full 0):
 garbage-first heap   total 265216K, used 147098K [0x0000000080000000, 0x0000000100000000)
  region size 1024K, 8 young (8192K), 8 survivors (8192K)
 Metaspace       used 128836K, committed 131072K, reserved 1179648K
  class space    used 17299K, committed 18432K, reserved 1048576K
}
Event: 94.109 GC heap before
{Heap before GC invocations=50 (full 0):
 garbage-first heap   total 265216K, used 230042K [0x0000000080000000, 0x0000000100000000)
  region size 1024K, 90 young (92160K), 8 survivors (8192K)
 Metaspace       used 137450K, committed 139648K, reserved 1179648K
  class space    used 18597K, committed 19712K, reserved 1048576K
}
Event: 94.124 GC heap after
{Heap after GC invocations=51 (full 0):
 garbage-first heap   total 265216K, used 155482K [0x0000000080000000, 0x0000000100000000)
  region size 1024K, 12 young (12288K), 12 survivors (12288K)
 Metaspace       used 137450K, committed 139648K, reserved 1179648K
  class space    used 18597K, committed 19712K, reserved 1048576K
}
Event: 94.848 GC heap before
{Heap before GC invocations=52 (full 0):
 garbage-first heap   total 265216K, used 227162K [0x0000000080000000, 0x0000000100000000)
  region size 1024K, 89 young (91136K), 12 survivors (12288K)
 Metaspace       used 144550K, committed 146816K, reserved 1179648K
  class space    used 19804K, committed 20928K, reserved 1048576K
}
Event: 94.862 GC heap after
{Heap after GC invocations=53 (full 0):
 garbage-first heap   total 265216K, used 153158K [0x0000000080000000, 0x0000000100000000)
  region size 1024K, 4 young (4096K), 4 survivors (4096K)
 Metaspace       used 144550K, committed 146816K, reserved 1179648K
  class space    used 19804K, committed 20928K, reserved 1048576K
}
Event: 96.100 GC heap before
{Heap before GC invocations=53 (full 0):
 garbage-first heap   total 265216K, used 257606K [0x0000000080000000, 0x0000000100000000)
  region size 1024K, 86 young (88064K), 4 survivors (4096K)
 Metaspace       used 149330K, committed 151680K, reserved 1179648K
  class space    used 20659K, committed 21824K, reserved 1048576K
}
Event: 96.108 GC heap after
{Heap after GC invocations=54 (full 0):
 garbage-first heap   total 265216K, used 149202K [0x0000000080000000, 0x0000000100000000)
  region size 1024K, 4 young (4096K), 4 survivors (4096K)
 Metaspace       used 149330K, committed 151680K, reserved 1179648K
  class space    used 20659K, committed 21824K, reserved 1048576K
}

